<?xml version="1.0" encoding="UTF-8"?>
<!-- Generated by org.testng.reporters.JUnitXMLReporter -->
<testsuite hostname="DESKTOP-OKVASD1" ignored="3" name="Default test" tests="8" failures="1" timestamp="14 Sep 2019 18:12:20 GMT" time="11.655" errors="0">
  <testcase name="addstocktest" time="9.424" classname="com.qtpselenium.rediff.hybrid.testcases.stocksuite.AddDelStock">
    <failure type="java.lang.reflect.InvocationTargetException">
      <![CDATA[java.lang.reflect.InvocationTargetException
	at sun.reflect.NativeMethodAccessorImpl.invoke0(Native Method)
	at sun.reflect.NativeMethodAccessorImpl.invoke(Unknown Source)
	at sun.reflect.DelegatingMethodAccessorImpl.invoke(Unknown Source)
	at java.lang.reflect.Method.invoke(Unknown Source)
	at com.qtpselenium.rediff.hybrid.driver.DriverScript.ExecuteKeywords(DriverScript.java:80)
	at com.qtpselenium.rediff.hybrid.testcases.stocksuite.AddDelStock.addstocktest(AddDelStock.java:26)
	at sun.reflect.NativeMethodAccessorImpl.invoke0(Native Method)
	at sun.reflect.NativeMethodAccessorImpl.invoke(Unknown Source)
	at sun.reflect.DelegatingMethodAccessorImpl.invoke(Unknown Source)
	at java.lang.reflect.Method.invoke(Unknown Source)
	at org.testng.internal.MethodInvocationHelper.invokeMethod(MethodInvocationHelper.java:104)
	at org.testng.internal.Invoker.invokeMethod(Invoker.java:645)
	at org.testng.internal.Invoker.invokeTestMethod(Invoker.java:851)
	at org.testng.internal.Invoker.invokeTestMethods(Invoker.java:1177)
	at org.testng.internal.TestMethodWorker.invokeTestMethods(TestMethodWorker.java:129)
	at org.testng.internal.TestMethodWorker.run(TestMethodWorker.java:112)
	at org.testng.TestRunner.privateRun(TestRunner.java:756)
	at org.testng.TestRunner.run(TestRunner.java:610)
	at org.testng.SuiteRunner.runTest(SuiteRunner.java:387)
	at org.testng.SuiteRunner.runSequentially(SuiteRunner.java:382)
	at org.testng.SuiteRunner.privateRun(SuiteRunner.java:340)
	at org.testng.SuiteRunner.run(SuiteRunner.java:289)
	at org.testng.SuiteRunnerWorker.runSuite(SuiteRunnerWorker.java:52)
	at org.testng.SuiteRunnerWorker.run(SuiteRunnerWorker.java:86)
	at org.testng.TestNG.runSuitesSequentially(TestNG.java:1293)
	at org.testng.TestNG.runSuitesLocally(TestNG.java:1218)
	at org.testng.TestNG.runSuites(TestNG.java:1133)
	at org.testng.TestNG.run(TestNG.java:1104)
	at org.testng.remote.AbstractRemoteTestNG.run(AbstractRemoteTestNG.java:114)
	at org.testng.remote.RemoteTestNG.initAndRun(RemoteTestNG.java:251)
	at org.testng.remote.RemoteTestNG.main(RemoteTestNG.java:77)
Caused by: org.openqa.selenium.WebDriverException: newSession
Build info: version: '3.11.0', revision: 'e59cfb3', time: '2018-03-11T20:26:55.152Z'
System info: host: 'DESKTOP-OKVASD1', ip: '192.168.2.8', os.name: 'Windows 10', os.arch: 'amd64', os.version: '10.0', java.version: '1.8.0_144'
Driver info: driver.version: FirefoxDriver
remote stacktrace: stack backtrace:
   0:           0x4bd56f - <no info>
   1:           0x4bdcc9 - <no info>
   2:           0x43dc4d - <no info>
   3:           0x44db84 - <no info>
   4:           0x44a1ca - <no info>
   5:           0x4207bc - <no info>
   6:           0x405e47 - <no info>
   7:           0x6db3d9 - <no info>
   8:           0x417847 - <no info>
   9:           0x6d56d3 - <no info>
  10:     0x7ffff8de4034 - BaseThreadInitThunk
	at sun.reflect.NativeConstructorAccessorImpl.newInstance0(Native Method)
	at sun.reflect.NativeConstructorAccessorImpl.newInstance(Unknown Source)
	at sun.reflect.DelegatingConstructorAccessorImpl.newInstance(Unknown Source)
	at java.lang.reflect.Constructor.newInstance(Unknown Source)
	at org.openqa.selenium.remote.W3CHandshakeResponse.lambda$new$0(W3CHandshakeResponse.java:57)
	at org.openqa.selenium.remote.W3CHandshakeResponse.lambda$getResponseFunction$2(W3CHandshakeResponse.java:104)
	at org.openqa.selenium.remote.ProtocolHandshake.lambda$createSession$0(ProtocolHandshake.java:123)
	at java.util.stream.ReferencePipeline$3$1.accept(Unknown Source)
	at java.util.Spliterators$ArraySpliterator.tryAdvance(Unknown Source)
	at java.util.stream.ReferencePipeline.forEachWithCancel(Unknown Source)
	at java.util.stream.AbstractPipeline.copyIntoWithCancel(Unknown Source)
	at java.util.stream.AbstractPipeline.copyInto(Unknown Source)
	at java.util.stream.AbstractPipeline.wrapAndCopyInto(Unknown Source)
	at java.util.stream.FindOps$FindOp.evaluateSequential(Unknown Source)
	at java.util.stream.AbstractPipeline.evaluate(Unknown Source)
	at java.util.stream.ReferencePipeline.findFirst(Unknown Source)
	at org.openqa.selenium.remote.ProtocolHandshake.createSession(ProtocolHandshake.java:126)
	at org.openqa.selenium.remote.ProtocolHandshake.createSession(ProtocolHandshake.java:73)
	at org.openqa.selenium.remote.HttpCommandExecutor.execute(HttpCommandExecutor.java:136)
	at org.openqa.selenium.remote.service.DriverCommandExecutor.execute(DriverCommandExecutor.java:83)
	at org.openqa.selenium.remote.RemoteWebDriver.execute(RemoteWebDriver.java:545)
	at org.openqa.selenium.remote.RemoteWebDriver.startSession(RemoteWebDriver.java:209)
	at org.openqa.selenium.remote.RemoteWebDriver.<init>(RemoteWebDriver.java:132)
	at org.openqa.selenium.firefox.FirefoxDriver.<init>(FirefoxDriver.java:120)
	at org.openqa.selenium.firefox.FirefoxDriver.<init>(FirefoxDriver.java:98)
	at com.qtpselenium.rediff.hybrid.keywords.GenericKeywords.openBrowser(GenericKeywords.java:147)
	... 31 more
]]>
    </failure>
  </testcase> <!-- addstocktest -->
  <testcase name="addstocktest" time="0.01" classname="com.qtpselenium.rediff.hybrid.testcases.stocksuite.AddDelStock">
    <skipped/>
  </testcase> <!-- addstocktest -->
  <testcase name="addstocktest" time="0.002" classname="com.qtpselenium.rediff.hybrid.testcases.stocksuite.AddDelStock">
    <skipped/>
  </testcase> <!-- addstocktest -->
  <testcase name="deletestocktest" time="0.004" classname="com.qtpselenium.rediff.hybrid.testcases.stocksuite.AddDelStock"/>
  <testcase name="createtest" time="0.0" classname="com.qtpselenium.rediff.hybrid.testcases.portfoliosuite.CreateDeleteTest">
    <skipped/>
  </testcase> <!-- createtest -->
  <testcase name="deletetest" time="0.0" classname="com.qtpselenium.rediff.hybrid.testcases.portfoliosuite.CreateDeleteTest">
    <skipped/>
  </testcase> <!-- deletetest -->
  <testcase name="submitleave" time="0.0" classname="com.qtpselenium.rediff.hybrid.testcases.portfoliosuite.CreateDeleteTest">
    <skipped/>
  </testcase> <!-- submitleave -->
  <testcase name="LoginTest" time="0.0" classname="com.qtpselenium.rediff.hybrid.testcases.portfoliosuite.LoginTestClass">
    <skipped/>
  </testcase> <!-- LoginTest -->
  <testcase name="@BeforeTest init" time="0.0" classname="com.qtpselenium.rediff.hybrid.base.BaseTest">
    <ignored/>
  </testcase> <!-- @BeforeTest init -->
  <testcase name="@BeforeTest init" time="0.0" classname="com.qtpselenium.rediff.hybrid.base.BaseTest">
    <ignored/>
  </testcase> <!-- @BeforeTest init -->
  <testcase name="@BeforeTest init" time="0.0" classname="com.qtpselenium.rediff.hybrid.base.BaseTest">
    <ignored/>
  </testcase> <!-- @BeforeTest init -->
</testsuite> <!-- Default test -->
